c:\offensivetoolz\maldevacademyldr.1\loader\x64\release\unook.obj
c:\offensivetoolz\maldevacademyldr.1\loader\x64\release\rsrcpayload.obj
c:\offensivetoolz\maldevacademyldr.1\loader\x64\release\main.obj
c:\offensivetoolz\maldevacademyldr.1\loader\x64\release\inject.obj
c:\offensivetoolz\maldevacademyldr.1\loader\x64\release\hellshall.obj
c:\offensivetoolz\maldevacademyldr.1\loader\x64\release\debug.obj
c:\offensivetoolz\maldevacademyldr.1\loader\x64\release\ctaes.obj
c:\offensivetoolz\maldevacademyldr.1\loader\x64\release\common.obj
c:\offensivetoolz\maldevacademyldr.1\loader\x64\release\apihashing.obj
c:\offensivetoolz\maldevacademyldr.1\x64\release\loader.exe
c:\offensivetoolz\maldevacademyldr.1\loader\x64\release\hellsasm.obj
c:\offensivetoolz\maldevacademyldr.1\loader\x64\release\resource.res
c:\offensivetoolz\maldevacademyldr.1\loader\x64\release\loader.tlog\cl.command.1.tlog
c:\offensivetoolz\maldevacademyldr.1\loader\x64\release\loader.tlog\cl.read.1.tlog
c:\offensivetoolz\maldevacademyldr.1\loader\x64\release\loader.tlog\cl.write.1.tlog
c:\offensivetoolz\maldevacademyldr.1\loader\x64\release\loader.tlog\link.command.1.tlog
c:\offensivetoolz\maldevacademyldr.1\loader\x64\release\loader.tlog\link.read.1.tlog
c:\offensivetoolz\maldevacademyldr.1\loader\x64\release\loader.tlog\link.write.1.tlog
c:\offensivetoolz\maldevacademyldr.1\loader\x64\release\loader.tlog\masm.read.1u.tlog
c:\offensivetoolz\maldevacademyldr.1\loader\x64\release\loader.tlog\masm.write.1u.tlog
c:\offensivetoolz\maldevacademyldr.1\loader\x64\release\loader.tlog\rc.command.1.tlog
c:\offensivetoolz\maldevacademyldr.1\loader\x64\release\loader.tlog\rc.read.1.tlog
c:\offensivetoolz\maldevacademyldr.1\loader\x64\release\loader.tlog\rc.write.1.tlog
